{
  "RSpec": {
    "coverage": {
      "/home/silva/dev/portifolio/bill_payment/spec/models/bill_spec.rb": [
        1,
        null,
        1,
        6,
        6,
        6,
        null,
        1,
        1,
        1,
        1,
        null,
        null,
        1,
        1,
        2,
        null,
        null,
        1,
        1,
        null,
        null,
        null,
        1,
        1,
        1,
        null,
        null,
        1,
        1,
        2,
        null,
        null,
        null
      ],
      "/home/silva/dev/portifolio/bill_payment/spec/rails_helper.rb": [
        null,
        1,
        1,
        null,
        1,
        1,
        1,
        1,
        null,
        1,
        null,
        1,
        null,
        1,
        1,
        null,
        1,
        null,
        1,
        null,
        1,
        null,
        1,
        1,
        1,
        null,
        null,
        1,
        9,
        null,
        null
      ],
      "/home/silva/dev/portifolio/bill_payment/config/environment.rb": [
        null,
        1,
        null,
        null,
        1
      ],
      "/home/silva/dev/portifolio/bill_payment/config/application.rb": [
        1,
        null,
        1,
        null,
        1,
        1,
        1,
        1,
        1,
        1,
        1,
        null,
        null,
        null,
        null,
        1,
        null,
        1,
        1,
        1,
        null,
        1,
        null,
        1,
        null,
        null
      ],
      "/home/silva/dev/portifolio/bill_payment/config/boot.rb": [
        1,
        null,
        1
      ],
      "/home/silva/dev/portifolio/bill_payment/config/environments/test.rb": [
        1,
        null,
        null,
        null,
        null,
        null,
        null,
        1,
        null,
        null,
        null,
        null,
        1,
        null,
        null,
        1,
        1,
        null,
        null,
        1,
        1,
        null,
        null,
        1,
        null,
        null,
        1,
        null,
        null,
        null,
        null,
        1,
        null,
        null,
        1,
        null,
        null,
        1,
        null,
        null,
        null,
        null
      ],
      "/home/silva/dev/portifolio/bill_payment/config/initializers/assets.rb": [
        null,
        null,
        null,
        1,
        null,
        null,
        null,
        null,
        null,
        null,
        null
      ],
      "/home/silva/dev/portifolio/bill_payment/config/initializers/backtrace_silencers.rb": [
        null,
        null,
        null,
        null,
        null,
        null,
        null
      ],
      "/home/silva/dev/portifolio/bill_payment/config/initializers/cookies_serializer.rb": [
        null,
        null,
        1
      ],
      "/home/silva/dev/portifolio/bill_payment/config/initializers/filter_parameter_logging.rb": [
        null,
        null,
        null,
        1
      ],
      "/home/silva/dev/portifolio/bill_payment/config/initializers/inflections.rb": [
        null,
        null,
        null,
        null,
        null,
        null,
        null,
        null,
        null,
        null,
        null,
        null,
        null,
        null,
        null,
        null
      ],
      "/home/silva/dev/portifolio/bill_payment/config/initializers/mime_types.rb": [
        null,
        null,
        null,
        null
      ],
      "/home/silva/dev/portifolio/bill_payment/config/initializers/session_store.rb": [
        null,
        null,
        1
      ],
      "/home/silva/dev/portifolio/bill_payment/config/initializers/wrap_parameters.rb": [
        null,
        null,
        null,
        null,
        null,
        null,
        1,
        1,
        null,
        null,
        null,
        null,
        null,
        null
      ],
      "/home/silva/dev/portifolio/bill_payment/spec/factories/bills.rb": [
        1,
        1,
        1,
        1,
        1,
        1,
        null,
        null
      ],
      "/home/silva/dev/portifolio/bill_payment/spec/factories/users.rb": [
        1,
        1,
        1,
        1,
        null,
        null,
        1,
        1,
        1,
        null,
        null,
        1,
        1,
        1,
        null,
        null
      ],
      "/home/silva/dev/portifolio/bill_payment/app/models/user.rb": [
        1,
        null,
        1,
        null,
        1,
        5,
        null,
        null,
        1,
        2,
        1,
        1,
        1,
        null,
        null,
        null
      ],
      "/home/silva/dev/portifolio/bill_payment/config/routes.rb": [
        1,
        null,
        null,
        null,
        null,
        null,
        null,
        null,
        null,
        null,
        null,
        null,
        null,
        null,
        null,
        null,
        null,
        null,
        null,
        null,
        null,
        null,
        null,
        null,
        null,
        null,
        null,
        null,
        null,
        null,
        null,
        null,
        null,
        null,
        null,
        null,
        null,
        null,
        null,
        null,
        null,
        null,
        null,
        null,
        null,
        null,
        null,
        null,
        null,
        null,
        null,
        null,
        null,
        null,
        null,
        null
      ],
      "/home/silva/dev/portifolio/bill_payment/app/helpers/application_helper.rb": [
        1,
        null
      ],
      "/home/silva/dev/portifolio/bill_payment/app/models/bill.rb": [
        1,
        1,
        1,
        null,
        1,
        2,
        null,
        null,
        1,
        3,
        2,
        null,
        null
      ],
      "/home/silva/dev/portifolio/bill_payment/spec/models/user_spec.rb": [
        1,
        null,
        1,
        null,
        1,
        4,
        null,
        1,
        1,
        null,
        null,
        1,
        1,
        null,
        null,
        1,
        1,
        null,
        null,
        null,
        1,
        2,
        null,
        null,
        null
      ]
    },
    "timestamp": 1460905281
  }
}
